<?xml version="1.0" encoding="UTF-8"?>
<!-- Generated by org.testng.reporters.JUnitReportReporter -->
<testsuite hostname="user-PC" name="webdriverwithjava.OrangeHRMMain" tests="1" failures="0" timestamp="12 Jul 2018 04:40:48 GMT" time="32.015" errors="0">
  <testcase name="verifyAddEmployee" time="32.015" classname="webdriverwithjava.OrangeHRMMain"/>
</testsuite> <!-- webdriverwithjava.OrangeHRMMain -->
