<?xml version="1.0" encoding="UTF-8"?>
<!-- Generated by org.testng.reporters.JUnitReportReporter -->
<testsuite hostname="user-PC" name="pom.AddEmployeeTest" tests="1" failures="0" timestamp="13 Jul 2018 05:33:45 GMT" time="33.380" errors="0">
  <testcase name="verifyAddEmployee" time="33.380" classname="pom.AddEmployeeTest"/>
</testsuite> <!-- pom.AddEmployeeTest -->
