<?xml version="1.0" encoding="UTF-8"?>
<!-- Generated by org.testng.reporters.JUnitReportReporter -->
<testsuite hostname="user-PC" name="testng.FirstTestNG" tests="9" failures="0" timestamp="11 Jul 2018 04:45:30 GMT" time="0.020" errors="0">
  <testcase name="test4" time="0.000" classname="testng.FirstTestNG"/>
  <testcase name="test5" time="0.000" classname="testng.FirstTestNG"/>
  <testcase name="test4" time="0.000" classname="testng.FirstTestNG"/>
  <testcase name="test5" time="0.010" classname="testng.FirstTestNG"/>
  <testcase name="test5" time="0.000" classname="testng.FirstTestNG"/>
  <testcase name="test6" time="0.000" classname="testng.FirstTestNG"/>
  <testcase name="test6" time="0.010" classname="testng.FirstTestNG"/>
  <testcase name="test4" time="0.000" classname="testng.FirstTestNG"/>
  <testcase name="test6" time="0.000" classname="testng.FirstTestNG"/>
</testsuite> <!-- testng.FirstTestNG -->
