<?xml version="1.0" encoding="UTF-8"?>
<!-- Generated by org.testng.reporters.JUnitReportReporter -->
<testsuite hostname="user-PC" name="testng.OpenApp" tests="1" failures="0" timestamp="10 Jul 2018 05:02:24 GMT" time="17.740" errors="0">
  <testcase name="login" time="17.740" classname="testng.OpenApp"/>
</testsuite> <!-- testng.OpenApp -->
