<?xml version="1.0" encoding="UTF-8"?>
<!-- Generated by org.testng.reporters.JUnitReportReporter -->
<testsuite hostname="user-PC" name="testng.ExAnnotations" tests="9" failures="0" timestamp="11 Jul 2018 04:38:07 GMT" time="0.040" errors="0">
  <testcase name="test1" time="0.020" classname="testng.ExAnnotations"/>
  <testcase name="test2" time="0.000" classname="testng.ExAnnotations"/>
  <testcase name="test3" time="0.000" classname="testng.ExAnnotations"/>
  <testcase name="test2" time="0.000" classname="testng.ExAnnotations"/>
  <testcase name="test1" time="0.010" classname="testng.ExAnnotations"/>
  <testcase name="test3" time="0.000" classname="testng.ExAnnotations"/>
  <testcase name="test2" time="0.000" classname="testng.ExAnnotations"/>
  <testcase name="test3" time="0.010" classname="testng.ExAnnotations"/>
  <testcase name="test1" time="0.000" classname="testng.ExAnnotations"/>
</testsuite> <!-- testng.ExAnnotations -->
